<?xml version="1.0" encoding="UTF-8"?>
<!-- Generated by org.testng.reporters.JUnitReportReporter -->
<testsuite hostname="DESKTOP-QP605AK" failures="0" tests="1" name="otter.Automation.DemoPro1.TestCase1" time="192.384" errors="0" timestamp="2022-09-07T11:26:29 IST" skipped="0">
  <testcase classname="otter.Automation.DemoPro1.TestCase1" name="testflow" time="192.384"/>
  <system-out/>
</testsuite> <!-- otter.Automation.DemoPro1.TestCase1 -->
